/Users/fujiieiji/Library/Python/3.9/lib/python/site-packages/urllib3/__init__.py:35: NotOpenSSLWarning: urllib3 v2 only supports OpenSSL 1.1.1+, currently the 'ssl' module is compiled with 'LibreSSL 2.8.3'. See: https://github.com/urllib3/urllib3/issues/3020
  warnings.warn(
2026-02-19 00:03:59,454 [INFO] ============================================================
2026-02-19 00:03:59,454 [INFO] ijyu-db データ収集スクリプト 開始（指標コード修正版）
2026-02-19 00:03:59,454 [INFO] 対象市区町村: 50 件
2026-02-19 00:03:59,454 [INFO] ============================================================
2026-02-19 00:03:59,455 [INFO] ✅ Supabase モード: https://wedxzvhdheitoyenjnmo.supabase.co
2026-02-19 00:03:59,455 [INFO] 
📍 Step 1: municipalities は投入済み（スキップ）
2026-02-19 00:03:59,455 [INFO] 
📊 Step 2: 統計データ取得・投入
2026-02-19 00:03:59,455 [INFO] 
  テーブル: stats_population (stat_id=0000020101)
2026-02-19 00:03:59,455 [INFO]     [01/50] 函館市 (01202)
2026-02-19 00:04:01,016 [INFO]       → 5 項目取得
2026-02-19 00:04:01,016 [INFO]     [02/50] 小樽市 (01207)
2026-02-19 00:04:02,457 [INFO]       → 5 項目取得
2026-02-19 00:04:02,458 [INFO]     [03/50] 旭川市 (01208)
2026-02-19 00:04:04,051 [INFO]       → 5 項目取得
2026-02-19 00:04:04,052 [INFO]     [04/50] 青森市 (02201)
2026-02-19 00:04:05,413 [INFO]       → 5 項目取得
2026-02-19 00:04:05,414 [INFO]     [05/50] 盛岡市 (03201)
2026-02-19 00:04:06,996 [INFO]       → 5 項目取得
2026-02-19 00:04:06,996 [INFO]     [06/50] 仙台市 (04100)
2026-02-19 00:04:08,392 [INFO]       → 5 項目取得
2026-02-19 00:04:08,392 [INFO]     [07/50] 水戸市 (08201)
2026-02-19 00:04:09,818 [INFO]       → 5 項目取得
2026-02-19 00:04:09,819 [INFO]     [08/50] 宇都宮市 (09201)
2026-02-19 00:04:11,140 [INFO]       → 5 項目取得
2026-02-19 00:04:11,141 [INFO]     [09/50] 前橋市 (10201)
2026-02-19 00:04:12,702 [INFO]       → 5 項目取得
2026-02-19 00:04:12,703 [INFO]     [10/50] 千葉市 (12201)
2026-02-19 00:04:14,036 [WARNING]       → 値が抽出できませんでした
2026-02-19 00:04:14,037 [INFO]     [11/50] 川崎市 (14130)
2026-02-19 00:04:15,498 [INFO]       → 5 項目取得
2026-02-19 00:04:15,499 [INFO]     [12/50] 新潟市 (15201)
2026-02-19 00:04:16,787 [WARNING]       → 値が抽出できませんでした
2026-02-19 00:04:16,787 [INFO]     [13/50] 富山市 (16201)
2026-02-19 00:04:18,247 [INFO]       → 5 項目取得
2026-02-19 00:04:18,247 [INFO]     [14/50] 金沢市 (17201)
2026-02-19 00:04:19,685 [INFO]       → 5 項目取得
2026-02-19 00:04:19,686 [INFO]     [15/50] 福井市 (18201)
2026-02-19 00:04:21,127 [INFO]       → 5 項目取得
2026-02-19 00:04:21,128 [INFO]     [16/50] 甲府市 (19201)
2026-02-19 00:04:22,468 [INFO]       → 5 項目取得
2026-02-19 00:04:22,468 [INFO]     [17/50] 長野市 (20201)
2026-02-19 00:04:23,896 [INFO]       → 5 項目取得
2026-02-19 00:04:23,896 [INFO]     [18/50] 松本市 (20204)
2026-02-19 00:04:25,217 [INFO]       → 5 項目取得
2026-02-19 00:04:25,218 [INFO]     [19/50] 岐阜市 (21201)
2026-02-19 00:04:26,700 [INFO]       → 5 項目取得
2026-02-19 00:04:26,702 [INFO]     [20/50] 静岡市 (22100)
2026-02-19 00:04:27,990 [INFO]       → 5 項目取得
2026-02-19 00:04:27,990 [INFO]     [21/50] 浜松市 (22203)
2026-02-19 00:04:29,564 [INFO]       → 5 項目取得
2026-02-19 00:04:29,564 [INFO]     [22/50] 津市 (24201)
2026-02-19 00:04:31,018 [INFO]       → 5 項目取得
2026-02-19 00:04:31,019 [INFO]     [23/50] 大津市 (25201)
2026-02-19 00:04:32,303 [INFO]       → 5 項目取得
2026-02-19 00:04:32,303 [INFO]     [24/50] 京都市 (26100)
2026-02-19 00:04:33,582 [INFO]       → 5 項目取得
2026-02-19 00:04:33,583 [INFO]     [25/50] 大阪市 (27140)
2026-02-19 00:04:34,894 [INFO]       → 5 項目取得
2026-02-19 00:04:34,895 [INFO]     [26/50] 神戸市 (28100)
2026-02-19 00:04:36,385 [INFO]       → 5 項目取得
2026-02-19 00:04:36,386 [INFO]     [27/50] 奈良市 (29201)
2026-02-19 00:04:37,744 [INFO]       → 5 項目取得
2026-02-19 00:04:37,745 [INFO]     [28/50] 和歌山市 (30201)
2026-02-19 00:04:39,034 [INFO]       → 5 項目取得
2026-02-19 00:04:39,035 [INFO]     [29/50] 鳥取市 (31201)
2026-02-19 00:04:40,441 [INFO]       → 5 項目取得
2026-02-19 00:04:40,441 [INFO]     [30/50] 松江市 (32201)
2026-02-19 00:04:41,797 [INFO]       → 5 項目取得
2026-02-19 00:04:41,797 [INFO]     [31/50] 岡山市 (33100)
2026-02-19 00:04:43,462 [INFO]       → 5 項目取得
2026-02-19 00:04:43,463 [INFO]     [32/50] 広島市 (34100)
2026-02-19 00:04:44,866 [INFO]       → 5 項目取得
2026-02-19 00:04:44,866 [INFO]     [33/50] 山口市 (35203)
2026-02-19 00:04:46,311 [INFO]       → 5 項目取得
2026-02-19 00:04:46,311 [INFO]     [34/50] 徳島市 (36201)
2026-02-19 00:04:47,727 [INFO]       → 5 項目取得
2026-02-19 00:04:47,728 [INFO]     [35/50] 高松市 (37201)
2026-02-19 00:04:49,202 [INFO]       → 5 項目取得
2026-02-19 00:04:49,203 [INFO]     [36/50] 松山市 (38201)
2026-02-19 00:04:50,609 [INFO]       → 5 項目取得
2026-02-19 00:04:50,610 [INFO]     [37/50] 高知市 (39201)
2026-02-19 00:04:51,944 [INFO]       → 5 項目取得
2026-02-19 00:04:51,944 [INFO]     [38/50] 福岡市 (40130)
2026-02-19 00:04:53,326 [INFO]       → 5 項目取得
2026-02-19 00:04:53,327 [INFO]     [39/50] 久留米市 (40205)
2026-02-19 00:04:54,653 [INFO]       → 5 項目取得
2026-02-19 00:04:54,653 [INFO]     [40/50] 佐賀市 (41201)
2026-02-19 00:04:55,949 [INFO]       → 5 項目取得
2026-02-19 00:04:55,949 [INFO]     [41/50] 長崎市 (42201)
2026-02-19 00:04:57,373 [INFO]       → 5 項目取得
2026-02-19 00:04:57,374 [INFO]     [42/50] 熊本市 (43100)
2026-02-19 00:04:58,724 [INFO]       → 5 項目取得
2026-02-19 00:04:58,725 [INFO]     [43/50] 大分市 (44201)
2026-02-19 00:05:00,134 [INFO]       → 5 項目取得
2026-02-19 00:05:00,135 [INFO]     [44/50] 宮崎市 (45201)
2026-02-19 00:05:01,546 [INFO]       → 5 項目取得
2026-02-19 00:05:01,546 [INFO]     [45/50] 鹿児島市 (46201)
2026-02-19 00:05:02,913 [INFO]       → 5 項目取得
2026-02-19 00:05:02,914 [INFO]     [46/50] 那覇市 (47201)
2026-02-19 00:05:04,360 [INFO]       → 5 項目取得
2026-02-19 00:05:04,361 [INFO]     [47/50] 諏訪市 (20213)
2026-02-19 00:05:05,677 [INFO]       → 4 項目取得
2026-02-19 00:05:05,678 [INFO]     [48/50] 熱海市 (22213)
2026-02-19 00:05:07,040 [INFO]       → 5 項目取得
2026-02-19 00:05:07,041 [INFO]     [49/50] 海士町 (32386)
2026-02-19 00:05:08,544 [INFO]       → 4 項目取得
2026-02-19 00:05:08,544 [INFO]     [50/50] 土佐町 (39341)
2026-02-19 00:05:10,001 [INFO]       → 4 項目取得
2026-02-19 00:05:10,909 [INFO]   ✅ stats_population: 48 件
2026-02-19 00:05:10,909 [INFO] 
  テーブル: stats_environment (stat_id=0000020102)
2026-02-19 00:05:10,909 [INFO]     [01/50] 函館市 (01202)
2026-02-19 00:05:12,391 [INFO]       → 2 項目取得
2026-02-19 00:05:12,391 [INFO]     [02/50] 小樽市 (01207)
2026-02-19 00:05:13,570 [INFO]       → 2 項目取得
2026-02-19 00:05:13,570 [INFO]     [03/50] 旭川市 (01208)
2026-02-19 00:05:14,752 [INFO]       → 2 項目取得
2026-02-19 00:05:14,752 [INFO]     [04/50] 青森市 (02201)
2026-02-19 00:05:15,940 [INFO]       → 2 項目取得
2026-02-19 00:05:15,940 [INFO]     [05/50] 盛岡市 (03201)
2026-02-19 00:05:17,310 [INFO]       → 2 項目取得
2026-02-19 00:05:17,311 [INFO]     [06/50] 仙台市 (04100)
2026-02-19 00:05:18,475 [INFO]       → 2 項目取得
2026-02-19 00:05:18,476 [INFO]     [07/50] 水戸市 (08201)
2026-02-19 00:05:19,649 [INFO]       → 2 項目取得
2026-02-19 00:05:19,654 [INFO]     [08/50] 宇都宮市 (09201)
2026-02-19 00:05:21,119 [INFO]       → 2 項目取得
2026-02-19 00:05:21,120 [INFO]     [09/50] 前橋市 (10201)
2026-02-19 00:05:22,284 [INFO]       → 2 項目取得
2026-02-19 00:05:22,284 [INFO]     [10/50] 千葉市 (12201)
2026-02-19 00:05:23,569 [WARNING]       → 値が抽出できませんでした
2026-02-19 00:05:23,570 [INFO]     [11/50] 川崎市 (14130)
2026-02-19 00:05:24,975 [INFO]       → 2 項目取得
2026-02-19 00:05:24,976 [INFO]     [12/50] 新潟市 (15201)
2026-02-19 00:05:26,256 [WARNING]       → 値が抽出できませんでした
2026-02-19 00:05:26,257 [INFO]     [13/50] 富山市 (16201)
2026-02-19 00:05:27,419 [INFO]       → 2 項目取得
2026-02-19 00:05:27,419 [INFO]     [14/50] 金沢市 (17201)
2026-02-19 00:05:28,701 [INFO]       → 2 項目取得
2026-02-19 00:05:28,702 [INFO]     [15/50] 福井市 (18201)
2026-02-19 00:05:29,875 [INFO]       → 2 項目取得
2026-02-19 00:05:29,876 [INFO]     [16/50] 甲府市 (19201)
2026-02-19 00:05:31,123 [INFO]       → 2 項目取得
2026-02-19 00:05:31,123 [INFO]     [17/50] 長野市 (20201)
2026-02-19 00:05:32,386 [INFO]       → 2 項目取得
2026-02-19 00:05:32,386 [INFO]     [18/50] 松本市 (20204)
2026-02-19 00:05:33,549 [INFO]       → 2 項目取得
2026-02-19 00:05:33,549 [INFO]     [19/50] 岐阜市 (21201)
2026-02-19 00:05:34,813 [INFO]       → 2 項目取得
2026-02-19 00:05:34,813 [INFO]     [20/50] 静岡市 (22100)
2026-02-19 00:05:36,071 [INFO]       → 2 項目取得
2026-02-19 00:05:36,072 [INFO]     [21/50] 浜松市 (22203)
2026-02-19 00:05:37,226 [INFO]       → 2 項目取得
2026-02-19 00:05:37,227 [INFO]     [22/50] 津市 (24201)
2026-02-19 00:05:38,517 [INFO]       → 2 項目取得
2026-02-19 00:05:38,517 [INFO]     [23/50] 大津市 (25201)
2026-02-19 00:05:39,753 [INFO]       → 2 項目取得
2026-02-19 00:05:39,754 [INFO]     [24/50] 京都市 (26100)
2026-02-19 00:05:40,993 [INFO]       → 2 項目取得
2026-02-19 00:05:40,993 [INFO]     [25/50] 大阪市 (27140)
2026-02-19 00:05:42,155 [INFO]       → 2 項目取得
2026-02-19 00:05:42,156 [INFO]     [26/50] 神戸市 (28100)
2026-02-19 00:05:43,319 [INFO]       → 2 項目取得
2026-02-19 00:05:43,319 [INFO]     [27/50] 奈良市 (29201)
2026-02-19 00:05:44,592 [INFO]       → 2 項目取得
2026-02-19 00:05:44,593 [INFO]     [28/50] 和歌山市 (30201)
2026-02-19 00:05:45,887 [INFO]       → 2 項目取得
2026-02-19 00:05:45,888 [INFO]     [29/50] 鳥取市 (31201)
2026-02-19 00:05:47,136 [INFO]       → 2 項目取得
2026-02-19 00:05:47,136 [INFO]     [30/50] 松江市 (32201)
2026-02-19 00:05:48,395 [INFO]       → 2 項目取得
2026-02-19 00:05:48,395 [INFO]     [31/50] 岡山市 (33100)
2026-02-19 00:05:49,578 [INFO]       → 2 項目取得
2026-02-19 00:05:49,578 [INFO]     [32/50] 広島市 (34100)
2026-02-19 00:05:50,729 [INFO]       → 2 項目取得
2026-02-19 00:05:50,730 [INFO]     [33/50] 山口市 (35203)
2026-02-19 00:05:51,893 [INFO]       → 2 項目取得
2026-02-19 00:05:51,894 [INFO]     [34/50] 徳島市 (36201)
2026-02-19 00:05:53,049 [INFO]       → 2 項目取得
2026-02-19 00:05:53,050 [INFO]     [35/50] 高松市 (37201)
2026-02-19 00:05:54,343 [INFO]       → 2 項目取得
2026-02-19 00:05:54,344 [INFO]     [36/50] 松山市 (38201)
2026-02-19 00:05:55,492 [INFO]       → 2 項目取得
2026-02-19 00:05:55,493 [INFO]     [37/50] 高知市 (39201)
2026-02-19 00:05:56,740 [INFO]       → 2 項目取得
2026-02-19 00:05:56,740 [INFO]     [38/50] 福岡市 (40130)
2026-02-19 00:05:57,904 [INFO]       → 2 項目取得
2026-02-19 00:05:57,905 [INFO]     [39/50] 久留米市 (40205)
2026-02-19 00:05:59,169 [INFO]       → 2 項目取得
2026-02-19 00:05:59,171 [INFO]     [40/50] 佐賀市 (41201)
2026-02-19 00:06:00,413 [INFO]       → 2 項目取得
2026-02-19 00:06:00,413 [INFO]     [41/50] 長崎市 (42201)
2026-02-19 00:06:01,649 [INFO]       → 2 項目取得
2026-02-19 00:06:01,649 [INFO]     [42/50] 熊本市 (43100)
2026-02-19 00:06:02,833 [INFO]       → 2 項目取得
2026-02-19 00:06:02,833 [INFO]     [43/50] 大分市 (44201)
2026-02-19 00:06:04,071 [INFO]       → 2 項目取得
2026-02-19 00:06:04,071 [INFO]     [44/50] 宮崎市 (45201)
2026-02-19 00:06:05,239 [INFO]       → 2 項目取得
2026-02-19 00:06:05,240 [INFO]     [45/50] 鹿児島市 (46201)
2026-02-19 00:06:06,568 [INFO]       → 2 項目取得
2026-02-19 00:06:06,569 [INFO]     [46/50] 那覇市 (47201)
2026-02-19 00:06:07,733 [INFO]       → 2 項目取得
2026-02-19 00:06:07,734 [INFO]     [47/50] 諏訪市 (20213)
2026-02-19 00:06:09,046 [INFO]       → 2 項目取得
2026-02-19 00:06:09,046 [INFO]     [48/50] 熱海市 (22213)
2026-02-19 00:06:10,300 [INFO]       → 2 項目取得
2026-02-19 00:06:10,301 [INFO]     [49/50] 海士町 (32386)
2026-02-19 00:06:11,536 [INFO]       → 2 項目取得
2026-02-19 00:06:11,537 [INFO]     [50/50] 土佐町 (39341)
2026-02-19 00:06:12,678 [INFO]       → 2 項目取得
2026-02-19 00:06:12,849 [INFO]   ✅ stats_environment: 48 件
2026-02-19 00:06:12,849 [INFO] 
  テーブル: stats_economy (stat_id=0000020103)
2026-02-19 00:06:12,849 [INFO]     [01/50] 函館市 (01202)
2026-02-19 00:06:14,208 [INFO]       → 2 項目取得
2026-02-19 00:06:14,209 [INFO]     [02/50] 小樽市 (01207)
2026-02-19 00:06:15,625 [INFO]       → 2 項目取得
2026-02-19 00:06:15,625 [INFO]     [03/50] 旭川市 (01208)
2026-02-19 00:06:16,925 [INFO]       → 2 項目取得
2026-02-19 00:06:16,925 [INFO]     [04/50] 青森市 (02201)
2026-02-19 00:06:18,321 [INFO]       → 2 項目取得
2026-02-19 00:06:18,322 [INFO]     [05/50] 盛岡市 (03201)
2026-02-19 00:06:19,785 [INFO]       → 2 項目取得
2026-02-19 00:06:19,786 [INFO]     [06/50] 仙台市 (04100)
2026-02-19 00:06:21,200 [INFO]       → 2 項目取得
2026-02-19 00:06:21,200 [INFO]     [07/50] 水戸市 (08201)
2026-02-19 00:06:22,570 [INFO]       → 2 項目取得
2026-02-19 00:06:22,571 [INFO]     [08/50] 宇都宮市 (09201)
2026-02-19 00:06:24,031 [INFO]       → 2 項目取得
2026-02-19 00:06:24,032 [INFO]     [09/50] 前橋市 (10201)
2026-02-19 00:06:25,618 [INFO]       → 2 項目取得
2026-02-19 00:06:25,619 [INFO]     [10/50] 千葉市 (12201)
2026-02-19 00:06:26,939 [WARNING]       → 値が抽出できませんでした
2026-02-19 00:06:26,940 [INFO]     [11/50] 川崎市 (14130)
2026-02-19 00:06:28,364 [INFO]       → 2 項目取得
2026-02-19 00:06:28,365 [INFO]     [12/50] 新潟市 (15201)
2026-02-19 00:06:29,697 [WARNING]       → 値が抽出できませんでした
2026-02-19 00:06:29,698 [INFO]     [13/50] 富山市 (16201)
2026-02-19 00:06:31,109 [INFO]       → 2 項目取得
2026-02-19 00:06:31,109 [INFO]     [14/50] 金沢市 (17201)
2026-02-19 00:06:32,560 [INFO]       → 2 項目取得
2026-02-19 00:06:32,561 [INFO]     [15/50] 福井市 (18201)
2026-02-19 00:06:34,102 [INFO]       → 2 項目取得
2026-02-19 00:06:34,104 [INFO]     [16/50] 甲府市 (19201)
2026-02-19 00:06:35,515 [INFO]       → 2 項目取得
2026-02-19 00:06:35,516 [INFO]     [17/50] 長野市 (20201)
2026-02-19 00:06:36,966 [INFO]       → 2 項目取得
2026-02-19 00:06:36,966 [INFO]     [18/50] 松本市 (20204)
2026-02-19 00:06:38,534 [INFO]       → 2 項目取得
2026-02-19 00:06:38,534 [INFO]     [19/50] 岐阜市 (21201)
2026-02-19 00:06:39,864 [INFO]       → 2 項目取得
2026-02-19 00:06:39,864 [INFO]     [20/50] 静岡市 (22100)
2026-02-19 00:06:41,341 [INFO]       → 2 項目取得
2026-02-19 00:06:41,341 [INFO]     [21/50] 浜松市 (22203)
2026-02-19 00:06:42,687 [INFO]       → 2 項目取得
2026-02-19 00:06:42,687 [INFO]     [22/50] 津市 (24201)
2026-02-19 00:06:44,206 [INFO]       → 2 項目取得
2026-02-19 00:06:44,207 [INFO]     [23/50] 大津市 (25201)
2026-02-19 00:06:45,531 [INFO]       → 2 項目取得
2026-02-19 00:06:45,532 [INFO]     [24/50] 京都市 (26100)
2026-02-19 00:06:47,090 [INFO]       → 2 項目取得
2026-02-19 00:06:47,090 [INFO]     [25/50] 大阪市 (27140)
2026-02-19 00:06:48,646 [INFO]       → 2 項目取得
2026-02-19 00:06:48,648 [INFO]     [26/50] 神戸市 (28100)
2026-02-19 00:06:50,105 [INFO]       → 2 項目取得
2026-02-19 00:06:50,107 [INFO]     [27/50] 奈良市 (29201)
2026-02-19 00:06:51,479 [INFO]       → 2 項目取得
2026-02-19 00:06:51,479 [INFO]     [28/50] 和歌山市 (30201)
2026-02-19 00:06:52,868 [INFO]       → 2 項目取得
2026-02-19 00:06:52,869 [INFO]     [29/50] 鳥取市 (31201)
2026-02-19 00:06:54,260 [INFO]       → 2 項目取得
2026-02-19 00:06:54,261 [INFO]     [30/50] 松江市 (32201)
2026-02-19 00:06:55,659 [INFO]       → 2 項目取得
2026-02-19 00:06:55,659 [INFO]     [31/50] 岡山市 (33100)
2026-02-19 00:06:57,009 [INFO]       → 2 項目取得
2026-02-19 00:06:57,010 [INFO]     [32/50] 広島市 (34100)
2026-02-19 00:06:58,307 [INFO]       → 2 項目取得
2026-02-19 00:06:58,308 [INFO]     [33/50] 山口市 (35203)
2026-02-19 00:06:59,712 [INFO]       → 2 項目取得
2026-02-19 00:06:59,712 [INFO]     [34/50] 徳島市 (36201)
2026-02-19 00:07:01,250 [INFO]       → 2 項目取得
2026-02-19 00:07:01,251 [INFO]     [35/50] 高松市 (37201)
2026-02-19 00:07:02,662 [INFO]       → 2 項目取得
2026-02-19 00:07:02,662 [INFO]     [36/50] 松山市 (38201)
2026-02-19 00:07:04,036 [INFO]       → 2 項目取得
2026-02-19 00:07:04,036 [INFO]     [37/50] 高知市 (39201)
2026-02-19 00:07:05,378 [INFO]       → 2 項目取得
2026-02-19 00:07:05,379 [INFO]     [38/50] 福岡市 (40130)
2026-02-19 00:07:06,986 [INFO]       → 2 項目取得
2026-02-19 00:07:06,986 [INFO]     [39/50] 久留米市 (40205)
2026-02-19 00:07:08,344 [INFO]       → 2 項目取得
2026-02-19 00:07:08,344 [INFO]     [40/50] 佐賀市 (41201)
2026-02-19 00:07:09,635 [INFO]       → 2 項目取得
2026-02-19 00:07:09,636 [INFO]     [41/50] 長崎市 (42201)
2026-02-19 00:07:11,106 [INFO]       → 2 項目取得
2026-02-19 00:07:11,107 [INFO]     [42/50] 熊本市 (43100)
2026-02-19 00:07:12,620 [INFO]       → 2 項目取得
2026-02-19 00:07:12,620 [INFO]     [43/50] 大分市 (44201)
2026-02-19 00:07:13,920 [INFO]       → 2 項目取得
2026-02-19 00:07:13,921 [INFO]     [44/50] 宮崎市 (45201)
2026-02-19 00:07:15,148 [INFO]       → 2 項目取得
2026-02-19 00:07:15,148 [INFO]     [45/50] 鹿児島市 (46201)
2026-02-19 00:07:16,517 [INFO]       → 2 項目取得
2026-02-19 00:07:16,518 [INFO]     [46/50] 那覇市 (47201)
2026-02-19 00:07:18,047 [INFO]       → 2 項目取得
2026-02-19 00:07:18,048 [INFO]     [47/50] 諏訪市 (20213)
2026-02-19 00:07:19,419 [INFO]       → 2 項目取得
2026-02-19 00:07:19,420 [INFO]     [48/50] 熱海市 (22213)
2026-02-19 00:07:20,889 [INFO]       → 2 項目取得
2026-02-19 00:07:20,889 [INFO]     [49/50] 海士町 (32386)
2026-02-19 00:07:22,364 [INFO]       → 2 項目取得
2026-02-19 00:07:22,365 [INFO]     [50/50] 土佐町 (39341)
2026-02-19 00:07:23,687 [INFO]       → 2 項目取得
2026-02-19 00:07:24,135 [INFO]   ✅ stats_economy: 48 件
2026-02-19 00:07:24,135 [INFO] 
  テーブル: stats_education (stat_id=0000020105)
2026-02-19 00:07:24,135 [INFO]     [01/50] 函館市 (01202)
2026-02-19 00:07:25,484 [INFO]       → 2 項目取得
2026-02-19 00:07:25,484 [INFO]     [02/50] 小樽市 (01207)
2026-02-19 00:07:27,053 [INFO]       → 2 項目取得
2026-02-19 00:07:27,053 [INFO]     [03/50] 旭川市 (01208)
2026-02-19 00:07:28,700 [INFO]       → 2 項目取得
2026-02-19 00:07:28,700 [INFO]     [04/50] 青森市 (02201)
2026-02-19 00:07:30,151 [INFO]       → 2 項目取得
2026-02-19 00:07:30,151 [INFO]     [05/50] 盛岡市 (03201)
2026-02-19 00:07:31,785 [INFO]       → 2 項目取得
2026-02-19 00:07:31,785 [INFO]     [06/50] 仙台市 (04100)
2026-02-19 00:07:33,447 [INFO]       → 2 項目取得
2026-02-19 00:07:33,448 [INFO]     [07/50] 水戸市 (08201)
2026-02-19 00:07:34,756 [INFO]       → 2 項目取得
2026-02-19 00:07:34,756 [INFO]     [08/50] 宇都宮市 (09201)
2026-02-19 00:07:36,034 [INFO]       → 2 項目取得
2026-02-19 00:07:36,034 [INFO]     [09/50] 前橋市 (10201)
2026-02-19 00:07:37,406 [INFO]       → 2 項目取得
2026-02-19 00:07:37,408 [INFO]     [10/50] 千葉市 (12201)
2026-02-19 00:07:38,646 [WARNING]       → 値が抽出できませんでした
2026-02-19 00:07:38,647 [INFO]     [11/50] 川崎市 (14130)
2026-02-19 00:07:39,948 [INFO]       → 2 項目取得
2026-02-19 00:07:39,949 [INFO]     [12/50] 新潟市 (15201)
2026-02-19 00:07:41,223 [WARNING]       → 値が抽出できませんでした
2026-02-19 00:07:41,223 [INFO]     [13/50] 富山市 (16201)
2026-02-19 00:07:42,555 [INFO]       → 2 項目取得
2026-02-19 00:07:42,555 [INFO]     [14/50] 金沢市 (17201)
2026-02-19 00:07:43,906 [INFO]       → 2 項目取得
2026-02-19 00:07:43,907 [INFO]     [15/50] 福井市 (18201)
2026-02-19 00:07:45,170 [INFO]       → 2 項目取得
2026-02-19 00:07:45,170 [INFO]     [16/50] 甲府市 (19201)
2026-02-19 00:07:46,523 [INFO]       → 2 項目取得
2026-02-19 00:07:46,523 [INFO]     [17/50] 長野市 (20201)
2026-02-19 00:07:47,845 [INFO]       → 2 項目取得
2026-02-19 00:07:47,846 [INFO]     [18/50] 松本市 (20204)
2026-02-19 00:07:49,220 [INFO]       → 2 項目取得
2026-02-19 00:07:49,221 [INFO]     [19/50] 岐阜市 (21201)
2026-02-19 00:07:50,498 [INFO]       → 2 項目取得
2026-02-19 00:07:50,498 [INFO]     [20/50] 静岡市 (22100)
2026-02-19 00:07:52,051 [INFO]       → 2 項目取得
2026-02-19 00:07:52,051 [INFO]     [21/50] 浜松市 (22203)
2026-02-19 00:07:53,369 [INFO]       → 2 項目取得
2026-02-19 00:07:53,370 [INFO]     [22/50] 津市 (24201)
2026-02-19 00:07:54,663 [INFO]       → 2 項目取得
2026-02-19 00:07:54,663 [INFO]     [23/50] 大津市 (25201)
2026-02-19 00:07:56,040 [INFO]       → 2 項目取得
2026-02-19 00:07:56,040 [INFO]     [24/50] 京都市 (26100)
2026-02-19 00:07:57,367 [INFO]       → 2 項目取得
2026-02-19 00:07:57,368 [INFO]     [25/50] 大阪市 (27140)
2026-02-19 00:07:58,706 [INFO]       → 2 項目取得
2026-02-19 00:07:58,707 [INFO]     [26/50] 神戸市 (28100)
2026-02-19 00:08:00,035 [INFO]       → 2 項目取得
2026-02-19 00:08:00,035 [INFO]     [27/50] 奈良市 (29201)
2026-02-19 00:08:01,273 [INFO]       → 2 項目取得
2026-02-19 00:08:01,273 [INFO]     [28/50] 和歌山市 (30201)
2026-02-19 00:08:02,697 [INFO]       → 2 項目取得
2026-02-19 00:08:02,697 [INFO]     [29/50] 鳥取市 (31201)
2026-02-19 00:08:03,987 [INFO]       → 2 項目取得
2026-02-19 00:08:03,988 [INFO]     [30/50] 松江市 (32201)
2026-02-19 00:08:05,536 [INFO]       → 2 項目取得
2026-02-19 00:08:05,536 [INFO]     [31/50] 岡山市 (33100)
2026-02-19 00:08:06,781 [INFO]       → 2 項目取得
2026-02-19 00:08:06,782 [INFO]     [32/50] 広島市 (34100)
2026-02-19 00:08:08,058 [INFO]       → 2 項目取得
2026-02-19 00:08:08,059 [INFO]     [33/50] 山口市 (35203)
2026-02-19 00:08:09,551 [INFO]       → 2 項目取得
2026-02-19 00:08:09,551 [INFO]     [34/50] 徳島市 (36201)
2026-02-19 00:08:10,849 [INFO]       → 2 項目取得
2026-02-19 00:08:10,849 [INFO]     [35/50] 高松市 (37201)
2026-02-19 00:08:12,172 [INFO]       → 2 項目取得
2026-02-19 00:08:12,172 [INFO]     [36/50] 松山市 (38201)
2026-02-19 00:08:13,416 [INFO]       → 2 項目取得
2026-02-19 00:08:13,416 [INFO]     [37/50] 高知市 (39201)
2026-02-19 00:08:14,659 [INFO]       → 2 項目取得
2026-02-19 00:08:14,660 [INFO]     [38/50] 福岡市 (40130)
2026-02-19 00:08:15,998 [INFO]       → 2 項目取得
2026-02-19 00:08:15,999 [INFO]     [39/50] 久留米市 (40205)
2026-02-19 00:08:17,376 [INFO]       → 2 項目取得
2026-02-19 00:08:17,376 [INFO]     [40/50] 佐賀市 (41201)
2026-02-19 00:08:18,628 [INFO]       → 2 項目取得
2026-02-19 00:08:18,628 [INFO]     [41/50] 長崎市 (42201)
2026-02-19 00:08:20,089 [INFO]       → 2 項目取得
2026-02-19 00:08:20,089 [INFO]     [42/50] 熊本市 (43100)
2026-02-19 00:08:21,389 [INFO]       → 2 項目取得
2026-02-19 00:08:21,389 [INFO]     [43/50] 大分市 (44201)
2026-02-19 00:08:22,626 [INFO]       → 2 項目取得
2026-02-19 00:08:22,627 [INFO]     [44/50] 宮崎市 (45201)
2026-02-19 00:08:23,899 [INFO]       → 2 項目取得
2026-02-19 00:08:23,899 [INFO]     [45/50] 鹿児島市 (46201)
2026-02-19 00:08:25,205 [INFO]       → 2 項目取得
2026-02-19 00:08:25,206 [INFO]     [46/50] 那覇市 (47201)
2026-02-19 00:08:26,523 [INFO]       → 2 項目取得
2026-02-19 00:08:26,524 [INFO]     [47/50] 諏訪市 (20213)
2026-02-19 00:08:27,805 [INFO]       → 2 項目取得
2026-02-19 00:08:27,806 [INFO]     [48/50] 熱海市 (22213)
2026-02-19 00:08:29,206 [INFO]       → 2 項目取得
2026-02-19 00:08:29,206 [INFO]     [49/50] 海士町 (32386)
2026-02-19 00:08:30,502 [INFO]       → 2 項目取得
2026-02-19 00:08:30,502 [INFO]     [50/50] 土佐町 (39341)
2026-02-19 00:08:31,772 [INFO]       → 2 項目取得
2026-02-19 00:08:31,906 [INFO]   ✅ stats_education: 48 件
2026-02-19 00:08:31,906 [INFO] 
  テーブル: stats_welfare (stat_id=0000020109)
2026-02-19 00:08:31,907 [INFO]     [01/50] 函館市 (01202)
2026-02-19 00:08:33,217 [INFO]       → 3 項目取得
2026-02-19 00:08:33,218 [INFO]     [02/50] 小樽市 (01207)
2026-02-19 00:08:34,748 [INFO]       → 3 項目取得
2026-02-19 00:08:34,748 [INFO]     [03/50] 旭川市 (01208)
2026-02-19 00:08:36,140 [INFO]       → 3 項目取得
2026-02-19 00:08:36,141 [INFO]     [04/50] 青森市 (02201)
2026-02-19 00:08:37,523 [INFO]       → 3 項目取得
2026-02-19 00:08:37,523 [INFO]     [05/50] 盛岡市 (03201)
2026-02-19 00:08:38,886 [INFO]       → 3 項目取得
2026-02-19 00:08:38,887 [INFO]     [06/50] 仙台市 (04100)
2026-02-19 00:08:40,170 [INFO]       → 3 項目取得
2026-02-19 00:08:40,170 [INFO]     [07/50] 水戸市 (08201)
2026-02-19 00:08:41,554 [INFO]       → 3 項目取得
2026-02-19 00:08:41,556 [INFO]     [08/50] 宇都宮市 (09201)
2026-02-19 00:08:42,846 [INFO]       → 3 項目取得
2026-02-19 00:08:42,846 [INFO]     [09/50] 前橋市 (10201)
2026-02-19 00:08:44,204 [INFO]       → 3 項目取得
2026-02-19 00:08:44,204 [INFO]     [10/50] 千葉市 (12201)
2026-02-19 00:08:45,548 [WARNING]       → 値が抽出できませんでした
2026-02-19 00:08:45,549 [INFO]     [11/50] 川崎市 (14130)
2026-02-19 00:08:46,965 [INFO]       → 3 項目取得
2026-02-19 00:08:46,967 [INFO]     [12/50] 新潟市 (15201)
2026-02-19 00:08:48,461 [WARNING]       → 値が抽出できませんでした
2026-02-19 00:08:48,461 [INFO]     [13/50] 富山市 (16201)
2026-02-19 00:08:49,904 [INFO]       → 3 項目取得
2026-02-19 00:08:49,905 [INFO]     [14/50] 金沢市 (17201)
2026-02-19 00:08:51,220 [INFO]       → 3 項目取得
2026-02-19 00:08:51,221 [INFO]     [15/50] 福井市 (18201)
2026-02-19 00:08:52,478 [INFO]       → 3 項目取得
2026-02-19 00:08:52,478 [INFO]     [16/50] 甲府市 (19201)
2026-02-19 00:08:53,851 [INFO]       → 3 項目取得
2026-02-19 00:08:53,851 [INFO]     [17/50] 長野市 (20201)
2026-02-19 00:08:55,724 [INFO]       → 3 項目取得
2026-02-19 00:08:55,724 [INFO]     [18/50] 松本市 (20204)
2026-02-19 00:08:56,988 [INFO]       → 3 項目取得
2026-02-19 00:08:56,989 [INFO]     [19/50] 岐阜市 (21201)
2026-02-19 00:08:58,473 [INFO]       → 3 項目取得
2026-02-19 00:08:58,473 [INFO]     [20/50] 静岡市 (22100)
2026-02-19 00:08:59,768 [INFO]       → 3 項目取得
2026-02-19 00:08:59,769 [INFO]     [21/50] 浜松市 (22203)
2026-02-19 00:09:01,119 [INFO]       → 3 項目取得
2026-02-19 00:09:01,120 [INFO]     [22/50] 津市 (24201)
2026-02-19 00:09:02,413 [INFO]       → 3 項目取得
2026-02-19 00:09:02,414 [INFO]     [23/50] 大津市 (25201)
2026-02-19 00:09:04,024 [INFO]       → 3 項目取得
2026-02-19 00:09:04,025 [INFO]     [24/50] 京都市 (26100)
2026-02-19 00:09:05,290 [INFO]       → 3 項目取得
2026-02-19 00:09:05,291 [INFO]     [25/50] 大阪市 (27140)
2026-02-19 00:09:06,908 [INFO]       → 3 項目取得
2026-02-19 00:09:06,908 [INFO]     [26/50] 神戸市 (28100)
2026-02-19 00:09:08,228 [INFO]       → 3 項目取得
2026-02-19 00:09:08,228 [INFO]     [27/50] 奈良市 (29201)
2026-02-19 00:09:09,579 [INFO]       → 3 項目取得
2026-02-19 00:09:09,579 [INFO]     [28/50] 和歌山市 (30201)
2026-02-19 00:09:10,854 [INFO]       → 3 項目取得
2026-02-19 00:09:10,855 [INFO]     [29/50] 鳥取市 (31201)
2026-02-19 00:09:12,197 [INFO]       → 3 項目取得
2026-02-19 00:09:12,198 [INFO]     [30/50] 松江市 (32201)
2026-02-19 00:09:13,508 [INFO]       → 3 項目取得
2026-02-19 00:09:13,508 [INFO]     [31/50] 岡山市 (33100)
2026-02-19 00:09:14,762 [INFO]       → 3 項目取得
2026-02-19 00:09:14,763 [INFO]     [32/50] 広島市 (34100)
2026-02-19 00:09:16,033 [INFO]       → 3 項目取得
2026-02-19 00:09:16,033 [INFO]     [33/50] 山口市 (35203)
2026-02-19 00:09:17,437 [INFO]       → 3 項目取得
2026-02-19 00:09:17,438 [INFO]     [34/50] 徳島市 (36201)
2026-02-19 00:09:18,947 [INFO]       → 3 項目取得
2026-02-19 00:09:18,948 [INFO]     [35/50] 高松市 (37201)
2026-02-19 00:09:20,343 [INFO]       → 3 項目取得
2026-02-19 00:09:20,343 [INFO]     [36/50] 松山市 (38201)
2026-02-19 00:09:21,640 [INFO]       → 3 項目取得
2026-02-19 00:09:21,641 [INFO]     [37/50] 高知市 (39201)
2026-02-19 00:09:23,075 [INFO]       → 3 項目取得
2026-02-19 00:09:23,075 [INFO]     [38/50] 福岡市 (40130)
2026-02-19 00:09:24,585 [INFO]       → 3 項目取得
2026-02-19 00:09:24,585 [INFO]     [39/50] 久留米市 (40205)
2026-02-19 00:09:25,818 [INFO]       → 3 項目取得
2026-02-19 00:09:25,818 [INFO]     [40/50] 佐賀市 (41201)
2026-02-19 00:09:27,221 [INFO]       → 3 項目取得
2026-02-19 00:09:27,221 [INFO]     [41/50] 長崎市 (42201)
2026-02-19 00:09:28,534 [INFO]       → 3 項目取得
2026-02-19 00:09:28,534 [INFO]     [42/50] 熊本市 (43100)
2026-02-19 00:09:29,806 [INFO]       → 3 項目取得
2026-02-19 00:09:29,806 [INFO]     [43/50] 大分市 (44201)
2026-02-19 00:09:31,116 [INFO]       → 3 項目取得
2026-02-19 00:09:31,116 [INFO]     [44/50] 宮崎市 (45201)
2026-02-19 00:09:32,470 [INFO]       → 3 項目取得
2026-02-19 00:09:32,472 [INFO]     [45/50] 鹿児島市 (46201)
2026-02-19 00:09:33,857 [INFO]       → 3 項目取得
2026-02-19 00:09:33,857 [INFO]     [46/50] 那覇市 (47201)
2026-02-19 00:09:35,331 [INFO]       → 3 項目取得
2026-02-19 00:09:35,331 [INFO]     [47/50] 諏訪市 (20213)
2026-02-19 00:09:36,636 [INFO]       → 3 項目取得
2026-02-19 00:09:36,637 [INFO]     [48/50] 熱海市 (22213)
2026-02-19 00:09:37,881 [INFO]       → 3 項目取得
2026-02-19 00:09:37,881 [INFO]     [49/50] 海士町 (32386)
2026-02-19 00:09:39,154 [INFO]       → 3 項目取得
2026-02-19 00:09:39,154 [INFO]     [50/50] 土佐町 (39341)
2026-02-19 00:09:40,619 [INFO]       → 3 項目取得
2026-02-19 00:09:41,076 [INFO]   ✅ stats_welfare: 48 件
2026-02-19 00:09:41,077 [INFO] 
  テーブル: stats_housing (stat_id=0000020108)
2026-02-19 00:09:41,077 [INFO]     [01/50] 函館市 (01202)
2026-02-19 00:09:42,490 [INFO]       → 4 項目取得
2026-02-19 00:09:42,491 [INFO]     [02/50] 小樽市 (01207)
2026-02-19 00:09:43,929 [INFO]       → 4 項目取得
2026-02-19 00:09:43,929 [INFO]     [03/50] 旭川市 (01208)
2026-02-19 00:09:45,257 [INFO]       → 4 項目取得
2026-02-19 00:09:45,257 [INFO]     [04/50] 青森市 (02201)
2026-02-19 00:09:46,628 [INFO]       → 4 項目取得
2026-02-19 00:09:46,628 [INFO]     [05/50] 盛岡市 (03201)
2026-02-19 00:09:47,975 [INFO]       → 4 項目取得
2026-02-19 00:09:47,976 [INFO]     [06/50] 仙台市 (04100)
2026-02-19 00:09:49,353 [INFO]       → 4 項目取得
2026-02-19 00:09:49,354 [INFO]     [07/50] 水戸市 (08201)
2026-02-19 00:09:50,721 [INFO]       → 4 項目取得
2026-02-19 00:09:50,721 [INFO]     [08/50] 宇都宮市 (09201)
2026-02-19 00:09:52,145 [INFO]       → 4 項目取得
2026-02-19 00:09:52,146 [INFO]     [09/50] 前橋市 (10201)
2026-02-19 00:09:53,545 [INFO]       → 4 項目取得
2026-02-19 00:09:53,545 [INFO]     [10/50] 千葉市 (12201)
2026-02-19 00:09:54,865 [WARNING]       → 値が抽出できませんでした
2026-02-19 00:09:54,867 [INFO]     [11/50] 川崎市 (14130)
2026-02-19 00:09:56,297 [INFO]       → 4 項目取得
2026-02-19 00:09:56,297 [INFO]     [12/50] 新潟市 (15201)
2026-02-19 00:09:57,529 [WARNING]       → 値が抽出できませんでした
2026-02-19 00:09:57,529 [INFO]     [13/50] 富山市 (16201)
2026-02-19 00:09:58,887 [INFO]       → 4 項目取得
2026-02-19 00:09:58,888 [INFO]     [14/50] 金沢市 (17201)
2026-02-19 00:10:00,174 [INFO]       → 4 項目取得
2026-02-19 00:10:00,174 [INFO]     [15/50] 福井市 (18201)
2026-02-19 00:10:01,474 [INFO]       → 4 項目取得
2026-02-19 00:10:01,474 [INFO]     [16/50] 甲府市 (19201)
2026-02-19 00:10:02,812 [INFO]       → 4 項目取得
2026-02-19 00:10:02,813 [INFO]     [17/50] 長野市 (20201)
2026-02-19 00:10:04,153 [INFO]       → 4 項目取得
2026-02-19 00:10:04,154 [INFO]     [18/50] 松本市 (20204)
2026-02-19 00:10:05,586 [INFO]       → 4 項目取得
2026-02-19 00:10:05,587 [INFO]     [19/50] 岐阜市 (21201)
2026-02-19 00:10:06,973 [INFO]       → 4 項目取得
2026-02-19 00:10:06,974 [INFO]     [20/50] 静岡市 (22100)
2026-02-19 00:10:08,273 [INFO]       → 4 項目取得
2026-02-19 00:10:08,274 [INFO]     [21/50] 浜松市 (22203)
2026-02-19 00:10:09,575 [INFO]       → 4 項目取得
2026-02-19 00:10:09,576 [INFO]     [22/50] 津市 (24201)
2026-02-19 00:10:10,876 [INFO]       → 4 項目取得
2026-02-19 00:10:10,877 [INFO]     [23/50] 大津市 (25201)
2026-02-19 00:10:12,220 [INFO]       → 4 項目取得
2026-02-19 00:10:12,220 [INFO]     [24/50] 京都市 (26100)
2026-02-19 00:10:13,536 [INFO]       → 4 項目取得
2026-02-19 00:10:13,536 [INFO]     [25/50] 大阪市 (27140)
2026-02-19 00:10:14,823 [INFO]       → 4 項目取得
2026-02-19 00:10:14,824 [INFO]     [26/50] 神戸市 (28100)
2026-02-19 00:10:16,259 [INFO]       → 4 項目取得
2026-02-19 00:10:16,260 [INFO]     [27/50] 奈良市 (29201)
2026-02-19 00:10:17,720 [INFO]       → 4 項目取得
2026-02-19 00:10:17,720 [INFO]     [28/50] 和歌山市 (30201)
2026-02-19 00:10:19,193 [INFO]       → 4 項目取得
2026-02-19 00:10:19,193 [INFO]     [29/50] 鳥取市 (31201)
2026-02-19 00:10:20,626 [INFO]       → 4 項目取得
2026-02-19 00:10:20,627 [INFO]     [30/50] 松江市 (32201)
2026-02-19 00:10:22,500 [INFO]       → 4 項目取得
2026-02-19 00:10:22,500 [INFO]     [31/50] 岡山市 (33100)
2026-02-19 00:10:23,891 [INFO]       → 4 項目取得
2026-02-19 00:10:23,892 [INFO]     [32/50] 広島市 (34100)
2026-02-19 00:10:25,260 [INFO]       → 4 項目取得
2026-02-19 00:10:25,261 [INFO]     [33/50] 山口市 (35203)
2026-02-19 00:10:26,726 [INFO]       → 4 項目取得
2026-02-19 00:10:26,727 [INFO]     [34/50] 徳島市 (36201)
2026-02-19 00:10:28,117 [INFO]       → 4 項目取得
2026-02-19 00:10:28,117 [INFO]     [35/50] 高松市 (37201)
2026-02-19 00:10:29,562 [INFO]       → 4 項目取得
2026-02-19 00:10:29,563 [INFO]     [36/50] 松山市 (38201)
2026-02-19 00:10:31,020 [INFO]       → 4 項目取得
2026-02-19 00:10:31,021 [INFO]     [37/50] 高知市 (39201)
2026-02-19 00:10:32,372 [INFO]       → 4 項目取得
2026-02-19 00:10:32,372 [INFO]     [38/50] 福岡市 (40130)
2026-02-19 00:10:33,690 [INFO]       → 4 項目取得
2026-02-19 00:10:33,690 [INFO]     [39/50] 久留米市 (40205)
2026-02-19 00:10:35,235 [INFO]       → 4 項目取得
2026-02-19 00:10:35,235 [INFO]     [40/50] 佐賀市 (41201)
2026-02-19 00:10:36,558 [INFO]       → 4 項目取得
2026-02-19 00:10:36,558 [INFO]     [41/50] 長崎市 (42201)
2026-02-19 00:10:37,995 [INFO]       → 4 項目取得
2026-02-19 00:10:37,997 [INFO]     [42/50] 熊本市 (43100)
2026-02-19 00:10:39,391 [INFO]       → 4 項目取得
2026-02-19 00:10:39,392 [INFO]     [43/50] 大分市 (44201)
2026-02-19 00:10:40,846 [INFO]       → 4 項目取得
2026-02-19 00:10:40,846 [INFO]     [44/50] 宮崎市 (45201)
2026-02-19 00:10:42,248 [INFO]       → 4 項目取得
2026-02-19 00:10:42,249 [INFO]     [45/50] 鹿児島市 (46201)
2026-02-19 00:10:43,733 [INFO]       → 4 項目取得
2026-02-19 00:10:43,735 [INFO]     [46/50] 那覇市 (47201)
2026-02-19 00:10:46,161 [INFO]       → 4 項目取得
2026-02-19 00:10:46,162 [INFO]     [47/50] 諏訪市 (20213)
2026-02-19 00:10:47,547 [INFO]       → 4 項目取得
2026-02-19 00:10:47,547 [INFO]     [48/50] 熱海市 (22213)
2026-02-19 00:10:48,990 [INFO]       → 4 項目取得
2026-02-19 00:10:48,991 [INFO]     [49/50] 海士町 (32386)
2026-02-19 00:10:50,302 [WARNING]       → 値が抽出できませんでした（実際のcat01: ['H3211', 'H3411', 'H3220', 'H3410', 'H3210']）
2026-02-19 00:10:50,303 [INFO]     [50/50] 土佐町 (39341)
2026-02-19 00:10:51,760 [WARNING]       → 値が抽出できませんでした（実際のcat01: ['H3211', 'H3411', 'H3220', 'H3410', 'H3210']）
2026-02-19 00:10:51,921 [INFO]   ✅ stats_housing: 46 件
2026-02-19 00:10:51,921 [INFO] 
============================================================
2026-02-19 00:10:51,921 [INFO] ✅ 完了
2026-02-19 00:10:51,921 [INFO] Supabase 件数確認:
2026-02-19 00:10:52,061 [INFO]   municipalities: [{'count': 50}]
2026-02-19 00:10:52,164 [INFO]   stats_population: [{'count': 48}]
2026-02-19 00:10:52,266 [INFO]   stats_environment: [{'count': 48}]
2026-02-19 00:10:52,366 [INFO]   stats_economy: [{'count': 48}]
2026-02-19 00:10:52,486 [INFO]   stats_education: [{'count': 48}]
2026-02-19 00:10:52,587 [INFO]   stats_welfare: [{'count': 48}]
2026-02-19 00:10:52,706 [INFO]   stats_housing: [{'count': 46}]
2026-02-19 00:10:52,706 [INFO] ============================================================
